2025-02-11 12:27:34,577 - INFO - Found 27 URLs in sitemap
2025-02-11 12:27:35,174 - INFO - Processing URL: https://blogforge.pythonanywhere.com/contact/
2025-02-11 12:27:35,174 - INFO - Successfully processed https://blogforge.pythonanywhere.com/contact/
2025-02-11 12:27:35,221 - INFO - Processing URL: https://blogforge.pythonanywhere.com/about/
2025-02-11 12:27:35,221 - INFO - Successfully processed https://blogforge.pythonanywhere.com/about/
2025-02-11 12:27:35,309 - INFO - Processing URL: https://blogforge.pythonanywhere.com/blogs/exploring-the-future-of-travel-and-tourism-in-the-digital-era/
2025-02-11 12:27:35,310 - INFO - Successfully processed https://blogforge.pythonanywhere.com/blogs/exploring-the-future-of-travel-and-tourism-in-the-digital-era/
2025-02-11 12:27:35,410 - INFO - Processing URL: https://blogforge.pythonanywhere.com/blogs/the-universal-language-of-music-connecting-cultures-and-emotions/
2025-02-11 12:27:35,410 - INFO - Successfully processed https://blogforge.pythonanywhere.com/blogs/the-universal-language-of-music-connecting-cultures-and-emotions/
2025-02-11 12:27:35,439 - INFO - Processing URL: https://blogforge.pythonanywhere.com/
2025-02-11 12:27:35,440 - INFO - Successfully processed https://blogforge.pythonanywhere.com/
2025-02-11 12:27:35,867 - INFO - Processing URL: https://blogforge.pythonanywhere.com/blogs/the-maha-kumbh-mela-indias-grand-spiritual-gathering/
2025-02-11 12:27:35,868 - INFO - Successfully processed https://blogforge.pythonanywhere.com/blogs/the-maha-kumbh-mela-indias-grand-spiritual-gathering/
2025-02-11 12:27:35,965 - INFO - Processing URL: https://blogforge.pythonanywhere.com/blogs/best-minecraft-seeds-unlock-endless-possibilities-in-your-world/
2025-02-11 12:27:35,966 - INFO - Successfully processed https://blogforge.pythonanywhere.com/blogs/best-minecraft-seeds-unlock-endless-possibilities-in-your-world/
2025-02-11 12:27:36,051 - INFO - Processing URL: https://blogforge.pythonanywhere.com/blogs/top-physical-exercises-for-singers-boost-your-voice-performance/
2025-02-11 12:27:36,052 - INFO - Successfully processed https://blogforge.pythonanywhere.com/blogs/top-physical-exercises-for-singers-boost-your-voice-performance/
2025-02-11 12:27:36,149 - INFO - Processing URL: https://blogforge.pythonanywhere.com/blogs/climate-change-2024-a-global-call-to-action/
2025-02-11 12:27:36,150 - INFO - Successfully processed https://blogforge.pythonanywhere.com/blogs/climate-change-2024-a-global-call-to-action/
2025-02-11 12:27:36,264 - INFO - Processing URL: https://blogforge.pythonanywhere.com/blogs/the-psychology-of-money-book-review/
2025-02-11 12:27:36,265 - INFO - Successfully processed https://blogforge.pythonanywhere.com/blogs/the-psychology-of-money-book-review/
2025-02-11 12:27:36,561 - INFO - Processing URL: https://blogforge.pythonanywhere.com/blogs/revolutionizing-education-with-duolingo-luis-von-ahns-ted-talk/
2025-02-11 12:27:36,562 - INFO - Successfully processed https://blogforge.pythonanywhere.com/blogs/revolutionizing-education-with-duolingo-luis-von-ahns-ted-talk/
2025-02-11 12:27:36,715 - INFO - Processing URL: https://blogforge.pythonanywhere.com/blogs/how-to-stay-productive-and-find-joy-during-downtime-at-work/
2025-02-11 12:27:36,723 - INFO - Successfully processed https://blogforge.pythonanywhere.com/blogs/how-to-stay-productive-and-find-joy-during-downtime-at-work/
2025-02-11 12:27:36,844 - INFO - Processing URL: https://blogforge.pythonanywhere.com/blogs/build-and-deploy-your-own-chatbot-locally-using-ngrok/
2025-02-11 12:27:36,850 - INFO - Successfully processed https://blogforge.pythonanywhere.com/blogs/build-and-deploy-your-own-chatbot-locally-using-ngrok/
2025-02-11 12:27:36,977 - INFO - Processing URL: https://blogforge.pythonanywhere.com/blogs/tum-haar-jao-jeevan-kee-sachchaee-par-ek-gahan-vichaar/
2025-02-11 12:27:37,058 - INFO - Processing URL: https://blogforge.pythonanywhere.com/blogs/how-to-automate-your-browser-using-web-ui/
2025-02-11 12:27:37,061 - INFO - Successfully processed https://blogforge.pythonanywhere.com/blogs/tum-haar-jao-jeevan-kee-sachchaee-par-ek-gahan-vichaar/
2025-02-11 12:27:37,064 - INFO - Successfully processed https://blogforge.pythonanywhere.com/blogs/how-to-automate-your-browser-using-web-ui/
2025-02-11 12:27:37,456 - INFO - Processing URL: https://blogforge.pythonanywhere.com/blogs/bhangarh-fort-indias-most-haunted-fort/
2025-02-11 12:27:37,478 - INFO - Successfully processed https://blogforge.pythonanywhere.com/blogs/bhangarh-fort-indias-most-haunted-fort/
2025-02-11 12:27:37,548 - INFO - Processing URL: https://blogforge.pythonanywhere.com/category/Music/
2025-02-11 12:27:37,659 - INFO - Successfully processed https://blogforge.pythonanywhere.com/category/Music/
2025-02-11 12:27:37,659 - INFO - Processing URL: https://blogforge.pythonanywhere.com/category/Nature/
2025-02-11 12:27:37,663 - INFO - Successfully processed https://blogforge.pythonanywhere.com/category/Nature/
2025-02-11 12:27:37,728 - INFO - Processing URL: https://blogforge.pythonanywhere.com/category/Festivals/
2025-02-11 12:27:37,729 - INFO - Successfully processed https://blogforge.pythonanywhere.com/category/Festivals/
2025-02-11 12:27:37,765 - INFO - Processing URL: https://blogforge.pythonanywhere.com/category/Games/
2025-02-11 12:27:37,784 - INFO - Successfully processed https://blogforge.pythonanywhere.com/category/Games/
2025-02-11 12:27:38,325 - INFO - Processing URL: https://blogforge.pythonanywhere.com/category/TED/
2025-02-11 12:27:38,347 - INFO - Successfully processed https://blogforge.pythonanywhere.com/category/TED/
2025-02-11 12:27:38,385 - INFO - Processing URL: https://blogforge.pythonanywhere.com/category/Books/
2025-02-11 12:27:38,391 - INFO - Successfully processed https://blogforge.pythonanywhere.com/category/Books/
2025-02-11 12:27:38,430 - INFO - Processing URL: https://blogforge.pythonanywhere.com/category/Moment/
2025-02-11 12:27:38,474 - INFO - Successfully processed https://blogforge.pythonanywhere.com/category/Moment/
2025-02-11 12:27:38,478 - INFO - Processing URL: https://blogforge.pythonanywhere.com/category/Tech/
2025-02-11 12:27:38,525 - INFO - Successfully processed https://blogforge.pythonanywhere.com/category/Tech/
2025-02-11 12:27:38,534 - INFO - Processing URL: https://blogforge.pythonanywhere.com/category/Autonomy/
2025-02-11 12:27:38,535 - INFO - Successfully processed https://blogforge.pythonanywhere.com/category/Autonomy/
2025-02-11 12:27:39,022 - INFO - Processing URL: https://blogforge.pythonanywhere.com/category/Horror/
2025-02-11 12:27:39,023 - INFO - Successfully processed https://blogforge.pythonanywhere.com/category/Horror/
2025-02-11 12:27:39,067 - INFO - Processing URL: https://blogforge.pythonanywhere.com/category/Kalam/
2025-02-11 12:27:39,070 - INFO - Successfully processed https://blogforge.pythonanywhere.com/category/Kalam/
